2024-09-10 08:39:13,821 - INFO - Processing 75 frames.
2024-09-10 08:39:13,827 - INFO - Processing 68 frames.
2024-09-10 08:39:13,832 - INFO - Starting normalization
2024-09-10 08:39:13,832 - INFO - Starting normalization
2024-09-10 08:39:14,393 - INFO - Starting augmentation
2024-09-10 08:39:15,485 - INFO - Starting augmentation
2024-09-10 08:39:16,529 - INFO - Starting optical flow calculation
2024-09-10 08:39:18,893 - INFO - Starting sequence alignment
2024-09-10 08:39:19,429 - ERROR - Error processing video: Error aligning sequences: The truth value of an array with more than one element is ambiguous. Use a.any() or a.all()
2024-09-10 08:39:19,469 - INFO - Processing 30 frames.
2024-09-10 08:39:19,470 - INFO - Starting normalization
2024-09-10 08:39:19,688 - INFO - Starting augmentation
2024-09-10 08:39:21,495 - INFO - Starting optical flow calculation
2024-09-10 08:39:22,329 - INFO - Starting optical flow calculation
2024-09-10 08:39:25,300 - INFO - Starting sequence alignment
2024-09-10 08:39:25,889 - ERROR - Error processing video: Error aligning sequences: The truth value of an array with more than one element is ambiguous. Use a.any() or a.all()
2024-09-10 08:39:25,928 - INFO - Processing 38 frames.
2024-09-10 08:39:25,928 - INFO - Starting normalization
2024-09-10 08:39:25,936 - INFO - Starting augmentation
2024-09-10 08:39:26,078 - INFO - Starting optical flow calculation
2024-09-10 08:39:26,286 - INFO - Starting sequence alignment
2024-09-10 08:39:26,300 - ERROR - Error processing video: Error aligning sequences: The truth value of an array with more than one element is ambiguous. Use a.any() or a.all()
2024-09-10 08:39:26,302 - INFO - Processing 86 frames.
2024-09-10 08:39:26,302 - INFO - Starting normalization
2024-09-10 08:39:26,540 - INFO - Starting augmentation
2024-09-10 08:39:28,187 - INFO - Starting optical flow calculation
2024-09-10 08:52:25,626 - INFO - Processing 75 frames.
2024-09-10 08:52:25,629 - INFO - Processing 68 frames.
2024-09-10 08:52:25,631 - INFO - Starting normalization
2024-09-10 08:52:25,631 - INFO - Starting normalization
2024-09-10 08:52:26,167 - INFO - Starting augmentation
2024-09-10 08:52:27,322 - INFO - Starting augmentation
2024-09-10 08:52:28,218 - INFO - Starting optical flow calculation
2024-09-10 08:52:30,612 - INFO - Starting sequence alignment
2024-09-10 08:52:31,080 - ERROR - Error processing video: Error aligning sequences: The truth value of an array with more than one element is ambiguous. Use a.any() or a.all()
2024-09-10 08:52:31,120 - INFO - Processing 30 frames.
2024-09-10 08:52:31,120 - INFO - Starting normalization
2024-09-10 08:52:31,348 - INFO - Starting augmentation
2024-09-10 08:52:33,377 - INFO - Starting optical flow calculation
2024-09-10 08:52:34,077 - INFO - Starting optical flow calculation
2024-09-10 08:52:37,078 - INFO - Starting sequence alignment
2024-09-10 08:52:37,688 - ERROR - Error processing video: Error aligning sequences: The truth value of an array with more than one element is ambiguous. Use a.any() or a.all()
2024-09-10 08:52:37,734 - INFO - Processing 38 frames.
2024-09-10 08:52:37,735 - INFO - Starting normalization
2024-09-10 08:52:37,746 - INFO - Starting augmentation
2024-09-10 08:52:37,882 - INFO - Starting optical flow calculation
2024-09-10 08:52:38,086 - INFO - Starting sequence alignment
2024-09-10 08:52:38,100 - ERROR - Error processing video: Error aligning sequences: The truth value of an array with more than one element is ambiguous. Use a.any() or a.all()
2024-09-10 08:52:38,102 - INFO - Processing 86 frames.
2024-09-10 08:52:38,102 - INFO - Starting normalization
2024-09-10 08:52:38,370 - INFO - Starting augmentation
2024-09-10 08:52:40,043 - INFO - Starting optical flow calculation
2024-09-10 08:52:41,219 - INFO - Starting sequence alignment
2024-09-10 08:52:43,028 - ERROR - Error processing video: Error aligning sequences: The truth value of an array with more than one element is ambiguous. Use a.any() or a.all()
2024-09-10 08:52:43,102 - INFO - Processing 87 frames.
2024-09-10 08:52:43,103 - INFO - Starting normalization
2024-09-10 08:52:43,251 - INFO - Starting augmentation
2024-09-10 08:52:43,353 - INFO - Starting sequence alignment
2024-09-10 08:52:43,880 - ERROR - Error processing video: Error aligning sequences: The truth value of an array with more than one element is ambiguous. Use a.any() or a.all()
2024-09-10 08:52:43,922 - INFO - Processing 44 frames.
2024-09-10 08:52:43,922 - INFO - Starting normalization
2024-09-10 09:09:46,568 - INFO - Processing 75 frames.
2024-09-10 09:09:46,569 - INFO - Processing 68 frames.
2024-09-10 09:09:46,573 - INFO - Starting normalization
2024-09-10 09:09:46,573 - INFO - Starting normalization
2024-09-10 09:09:47,397 - INFO - Starting augmentation
2024-09-10 09:09:48,541 - INFO - Starting augmentation
2024-09-10 09:09:50,588 - INFO - Starting optical flow calculation
2024-09-10 09:09:53,591 - INFO - Starting sequence alignment
2024-09-10 09:09:54,224 - ERROR - Error processing video: Validation error: The truth value of an array with more than one element is ambiguous. Use a.any() or a.all()
2024-09-10 09:09:54,258 - INFO - Processing 30 frames.
2024-09-10 09:09:54,259 - INFO - Starting normalization
2024-09-10 09:09:54,504 - INFO - Starting augmentation
2024-09-10 09:09:56,222 - INFO - Starting optical flow calculation
2024-09-10 09:09:57,171 - INFO - Starting optical flow calculation
2024-09-10 09:10:00,256 - INFO - Starting sequence alignment
2024-09-10 09:10:00,895 - ERROR - Error processing video: Validation error: The truth value of an array with more than one element is ambiguous. Use a.any() or a.all()
2024-09-10 09:10:00,932 - INFO - Processing 38 frames.
2024-09-10 09:10:00,932 - INFO - Starting normalization
2024-09-10 09:10:00,943 - INFO - Starting augmentation
2024-09-10 09:10:01,084 - INFO - Starting optical flow calculation
2024-09-10 09:10:01,335 - INFO - Starting sequence alignment
2024-09-10 09:10:01,351 - ERROR - Error processing video: Validation error: The truth value of an array with more than one element is ambiguous. Use a.any() or a.all()
2024-09-10 09:10:01,353 - INFO - Processing 86 frames.
2024-09-10 09:10:01,353 - INFO - Starting normalization
2024-09-10 09:10:01,623 - INFO - Starting augmentation
2024-09-10 09:10:03,306 - INFO - Starting optical flow calculation
2024-09-10 09:10:04,246 - INFO - Starting sequence alignment
2024-09-10 09:10:06,178 - ERROR - Error processing video: Validation error: The truth value of an array with more than one element is ambiguous. Use a.any() or a.all()
2024-09-10 09:10:06,259 - INFO - Processing 87 frames.
2024-09-10 09:10:06,259 - INFO - Starting normalization
2024-09-10 09:10:06,410 - INFO - Starting augmentation
2024-09-10 09:10:06,714 - INFO - Starting sequence alignment
2024-09-10 09:10:07,263 - ERROR - Error processing video: Validation error: The truth value of an array with more than one element is ambiguous. Use a.any() or a.all()
2024-09-10 09:10:07,300 - INFO - Processing 44 frames.
2024-09-10 09:10:07,300 - INFO - Starting normalization
2024-09-10 09:10:07,395 - INFO - Starting augmentation
2024-09-10 09:10:08,731 - INFO - Starting optical flow calculation
2024-09-10 09:10:08,762 - INFO - Starting optical flow calculation
2024-09-10 09:10:09,962 - INFO - Starting sequence alignment
2024-09-10 09:10:10,113 - ERROR - Error processing video: Validation error: The truth value of an array with more than one element is ambiguous. Use a.any() or a.all()
2024-09-10 09:10:10,135 - INFO - Processing 77 frames.
2024-09-10 09:10:10,135 - INFO - Starting normalization
2024-09-10 09:10:11,812 - INFO - Starting sequence alignment
2024-09-10 09:10:12,528 - ERROR - Error processing video: Validation error: The truth value of an array with more than one element is ambiguous. Use a.any() or a.all()
2024-09-10 09:10:12,592 - INFO - Processing 46 frames.
2024-09-10 09:10:12,592 - INFO - Starting normalization
2024-09-10 09:10:12,705 - INFO - Starting augmentation
2024-09-10 09:10:12,868 - INFO - Starting augmentation
2024-09-10 09:10:15,389 - INFO - Starting optical flow calculation
2024-09-10 09:10:16,722 - INFO - Starting sequence alignment
2024-09-10 09:10:16,872 - ERROR - Error processing video: Validation error: The truth value of an array with more than one element is ambiguous. Use a.any() or a.all()
2024-09-10 09:10:16,885 - INFO - Processing 70 frames.
2024-09-10 09:10:16,887 - INFO - Starting normalization
2024-09-10 09:10:17,105 - INFO - Starting augmentation
2024-09-10 09:10:22,006 - INFO - Starting optical flow calculation
2024-09-10 09:10:24,164 - INFO - Starting optical flow calculation
2024-09-10 09:10:24,394 - INFO - Starting sequence alignment
2024-09-10 09:10:24,779 - ERROR - Error processing video: Validation error: The truth value of an array with more than one element is ambiguous. Use a.any() or a.all()
2024-09-10 09:10:24,820 - INFO - Processing 93 frames.
2024-09-10 09:10:24,821 - INFO - Starting normalization
2024-09-10 09:10:24,978 - INFO - Starting augmentation
2024-09-10 09:10:26,877 - INFO - Starting optical flow calculation
2024-09-10 09:10:30,274 - INFO - Starting sequence alignment
2024-09-10 09:10:31,228 - ERROR - Error processing video: Validation error: The truth value of an array with more than one element is ambiguous. Use a.any() or a.all()
2024-09-10 09:10:31,289 - INFO - Processing 89 frames.
2024-09-10 09:10:31,289 - INFO - Starting normalization
2024-09-10 09:10:31,506 - INFO - Starting augmentation
2024-09-10 09:10:33,707 - INFO - Starting optical flow calculation
2024-09-10 09:10:36,690 - INFO - Starting sequence alignment
2024-09-10 09:10:37,484 - ERROR - Error processing video: Validation error: The truth value of an array with more than one element is ambiguous. Use a.any() or a.all()
2024-09-10 09:10:37,533 - INFO - Processing 81 frames.
2024-09-10 09:10:37,533 - INFO - Starting normalization
2024-09-10 09:10:37,783 - INFO - Starting augmentation
2024-09-10 09:10:40,365 - INFO - Starting optical flow calculation
2024-09-10 09:10:44,319 - INFO - Starting sequence alignment
2024-09-10 09:10:44,525 - INFO - Starting sequence alignment
2024-09-10 09:10:45,589 - ERROR - Error processing video: Validation error: The truth value of an array with more than one element is ambiguous. Use a.any() or a.all()
2024-09-10 09:10:45,662 - INFO - Processing 105 frames.
2024-09-10 09:10:45,663 - INFO - Starting normalization
2024-09-10 09:10:45,958 - INFO - Starting augmentation
2024-09-10 09:10:47,778 - INFO - Starting optical flow calculation
2024-09-10 09:10:49,247 - INFO - Starting sequence alignment
2024-09-10 09:10:49,517 - ERROR - Error processing video: Validation error: The truth value of an array with more than one element is ambiguous. Use a.any() or a.all()
2024-09-10 09:10:49,549 - INFO - Processing 91 frames.
2024-09-10 09:10:49,549 - INFO - Starting normalization
2024-09-10 09:10:50,389 - INFO - Starting augmentation
2024-09-10 09:10:51,996 - ERROR - Error processing video: Validation error: The truth value of an array with more than one element is ambiguous. Use a.any() or a.all()
2024-09-10 09:10:52,157 - INFO - Processing 43 frames.
2024-09-10 09:10:52,157 - INFO - Starting normalization
2024-09-10 09:10:54,201 - INFO - Starting augmentation
2024-09-10 09:10:56,393 - INFO - Starting optical flow calculation
2024-09-10 09:11:02,878 - INFO - Starting sequence alignment
2024-09-10 09:11:04,532 - ERROR - Error processing video: Validation error: The truth value of an array with more than one element is ambiguous. Use a.any() or a.all()
2024-09-10 09:11:04,621 - INFO - Processing 40 frames.
2024-09-10 09:11:04,621 - INFO - Starting normalization
2024-09-10 09:11:04,641 - INFO - Starting augmentation
2024-09-10 09:11:05,283 - INFO - Starting optical flow calculation
2024-09-10 09:11:05,582 - INFO - Starting sequence alignment
2024-09-10 09:11:05,603 - ERROR - Error processing video: Validation error: The truth value of an array with more than one element is ambiguous. Use a.any() or a.all()
2024-09-10 09:11:05,610 - INFO - Processing 48 frames.
2024-09-10 09:11:05,610 - INFO - Starting normalization
2024-09-10 09:11:05,627 - INFO - Starting augmentation
2024-09-10 09:11:05,973 - INFO - Starting optical flow calculation
2024-09-10 09:11:05,988 - INFO - Starting optical flow calculation
2024-09-10 09:11:06,356 - INFO - Starting sequence alignment
2024-09-10 09:11:06,383 - ERROR - Error processing video: Validation error: The truth value of an array with more than one element is ambiguous. Use a.any() or a.all()
2024-09-10 09:11:06,388 - INFO - Processing 59 frames.
2024-09-10 09:11:06,388 - INFO - Starting normalization
2024-09-10 09:11:06,409 - INFO - Starting augmentation
2024-09-10 09:11:06,721 - INFO - Starting optical flow calculation
2024-09-10 09:11:07,150 - INFO - Starting sequence alignment
2024-09-10 09:11:07,189 - ERROR - Error processing video: Validation error: The truth value of an array with more than one element is ambiguous. Use a.any() or a.all()
2024-09-10 09:11:07,201 - INFO - Processing 29 frames.
2024-09-10 09:11:07,201 - INFO - Starting normalization
2024-09-10 09:11:07,210 - INFO - Starting augmentation
2024-09-10 09:11:07,337 - INFO - Starting optical flow calculation
2024-09-10 09:11:07,552 - INFO - Starting sequence alignment
2024-09-10 09:11:07,573 - ERROR - Error processing video: Validation error: The truth value of an array with more than one element is ambiguous. Use a.any() or a.all()
2024-09-10 09:11:07,580 - INFO - Processing 48 frames.
2024-09-10 09:11:07,580 - INFO - Starting normalization
2024-09-10 09:11:07,597 - INFO - Starting augmentation
2024-09-10 09:11:07,839 - INFO - Starting optical flow calculation
2024-09-10 09:11:08,208 - INFO - Starting sequence alignment
2024-09-10 09:11:08,227 - ERROR - Error processing video: Validation error: The truth value of an array with more than one element is ambiguous. Use a.any() or a.all()
2024-09-10 09:11:08,235 - INFO - Processing 88 frames.
2024-09-10 09:11:08,235 - INFO - Starting normalization
2024-09-10 09:11:08,262 - INFO - Starting augmentation
2024-09-10 09:11:08,701 - INFO - Starting optical flow calculation
2024-09-10 09:11:09,366 - INFO - Starting sequence alignment
2024-09-10 09:11:09,432 - ERROR - Error processing video: Validation error: The truth value of an array with more than one element is ambiguous. Use a.any() or a.all()
2024-09-10 09:11:09,446 - INFO - Processing 72 frames.
2024-09-10 09:11:09,446 - INFO - Starting normalization
2024-09-10 09:11:09,499 - INFO - Starting augmentation
2024-09-10 09:11:09,905 - INFO - Starting optical flow calculation
2024-09-10 09:11:10,527 - INFO - Starting sequence alignment
2024-09-10 09:11:10,612 - ERROR - Error processing video: Validation error: The truth value of an array with more than one element is ambiguous. Use a.any() or a.all()
2024-09-10 09:11:10,624 - INFO - Processing 107 frames.
2024-09-10 09:11:10,624 - INFO - Starting normalization
2024-09-10 09:11:10,972 - INFO - Starting augmentation
2024-09-10 09:11:13,407 - INFO - Starting optical flow calculation
2024-09-10 09:11:16,882 - INFO - Starting sequence alignment
2024-09-10 09:11:16,962 - INFO - Starting sequence alignment
2024-09-10 09:11:18,489 - ERROR - Error processing video: Validation error: The truth value of an array with more than one element is ambiguous. Use a.any() or a.all()
2024-09-10 09:11:18,577 - INFO - Processing 101 frames.
2024-09-10 09:11:18,577 - INFO - Starting normalization
2024-09-10 09:11:20,256 - ERROR - Error processing video: Validation error: The truth value of an array with more than one element is ambiguous. Use a.any() or a.all()
2024-09-10 09:11:20,335 - INFO - Processing 81 frames.
2024-09-10 09:11:20,335 - INFO - Starting normalization
2024-09-10 09:11:20,611 - INFO - Starting augmentation
2024-09-10 09:11:21,292 - INFO - Starting augmentation
2024-09-10 09:11:30,111 - INFO - Starting optical flow calculation
2024-09-10 09:11:30,851 - INFO - Starting optical flow calculation
2024-09-10 09:11:38,905 - INFO - Starting sequence alignment
2024-09-10 09:11:41,198 - ERROR - Error processing video: Validation error: The truth value of an array with more than one element is ambiguous. Use a.any() or a.all()
2024-09-10 09:11:41,274 - INFO - Processing 43 frames.
2024-09-10 09:11:41,274 - INFO - Starting normalization
2024-09-10 09:11:42,425 - INFO - Starting sequence alignment
2024-09-10 09:11:42,944 - INFO - Starting augmentation
2024-09-10 09:11:45,164 - ERROR - Error processing video: Validation error: The truth value of an array with more than one element is ambiguous. Use a.any() or a.all()
2024-09-10 09:11:45,266 - INFO - Processing 43 frames.
2024-09-10 09:11:45,266 - INFO - Starting normalization
2024-09-10 09:11:45,926 - INFO - Starting augmentation
2024-09-10 09:11:52,598 - INFO - Starting optical flow calculation
2024-09-10 09:11:54,940 - INFO - Starting optical flow calculation
2024-09-10 09:12:03,242 - INFO - Starting sequence alignment
2024-09-10 09:12:06,218 - ERROR - Error processing video: Validation error: The truth value of an array with more than one element is ambiguous. Use a.any() or a.all()
2024-09-10 09:12:06,465 - INFO - Processing 57 frames.
2024-09-10 09:12:06,466 - INFO - Starting normalization
2024-09-10 09:12:06,690 - INFO - Starting sequence alignment
2024-09-10 09:12:09,420 - INFO - Starting augmentation
2024-09-10 09:12:09,749 - ERROR - Error processing video: Validation error: The truth value of an array with more than one element is ambiguous. Use a.any() or a.all()
2024-09-10 09:12:09,876 - INFO - Processing 102 frames.
2024-09-10 09:12:09,876 - INFO - Starting normalization
2024-09-10 09:12:10,243 - INFO - Starting augmentation
2024-09-10 09:12:17,606 - INFO - Starting optical flow calculation
2024-09-10 09:12:18,020 - INFO - Starting optical flow calculation
2024-09-10 09:12:21,180 - INFO - Starting sequence alignment
2024-09-10 09:12:21,845 - ERROR - Error processing video: Validation error: The truth value of an array with more than one element is ambiguous. Use a.any() or a.all()
2024-09-10 09:12:21,892 - INFO - Processing 40 frames.
2024-09-10 09:12:21,893 - INFO - Starting normalization
2024-09-10 09:12:22,662 - INFO - Starting augmentation
2024-09-10 09:12:28,578 - INFO - Starting optical flow calculation
2024-09-10 09:12:32,063 - INFO - Starting sequence alignment
2024-09-10 09:12:35,940 - ERROR - Error processing video: Validation error: The truth value of an array with more than one element is ambiguous. Use a.any() or a.all()
2024-09-10 09:12:36,164 - INFO - Processing 45 frames.
2024-09-10 09:12:36,165 - INFO - Starting normalization
2024-09-10 09:12:36,903 - INFO - Starting augmentation
2024-09-10 09:12:39,956 - INFO - Starting sequence alignment
2024-09-10 09:12:42,147 - ERROR - Error processing video: Validation error: The truth value of an array with more than one element is ambiguous. Use a.any() or a.all()
2024-09-10 09:12:42,216 - INFO - Processing 53 frames.
2024-09-10 09:12:42,216 - INFO - Starting normalization
2024-09-10 09:12:43,357 - INFO - Starting augmentation
2024-09-10 09:12:45,673 - INFO - Starting optical flow calculation
2024-09-10 09:12:52,602 - INFO - Starting optical flow calculation
2024-09-10 09:12:57,549 - INFO - Starting sequence alignment
2024-09-10 09:13:01,089 - ERROR - Error processing video: Validation error: The truth value of an array with more than one element is ambiguous. Use a.any() or a.all()
2024-09-10 09:13:01,257 - INFO - Processing 46 frames.
2024-09-10 09:13:01,258 - INFO - Starting normalization
2024-09-10 09:13:01,276 - INFO - Starting augmentation
2024-09-10 09:13:01,459 - INFO - Starting optical flow calculation
2024-09-10 09:13:01,756 - INFO - Starting sequence alignment
2024-09-10 09:13:01,775 - ERROR - Error processing video: Validation error: The truth value of an array with more than one element is ambiguous. Use a.any() or a.all()
2024-09-10 09:13:01,783 - INFO - Processing 73 frames.
2024-09-10 09:13:01,784 - INFO - Starting normalization
2024-09-10 09:13:01,813 - INFO - Starting augmentation
2024-09-10 09:13:02,115 - INFO - Starting optical flow calculation
2024-09-10 09:13:02,596 - INFO - Starting sequence alignment
2024-09-10 09:13:02,633 - ERROR - Error processing video: Validation error: The truth value of an array with more than one element is ambiguous. Use a.any() or a.all()
2024-09-10 09:13:02,639 - INFO - Processing 90 frames.
2024-09-10 09:13:02,640 - INFO - Starting normalization
2024-09-10 09:13:02,875 - INFO - Starting augmentation
2024-09-10 09:13:04,794 - INFO - Starting optical flow calculation
2024-09-10 09:13:07,565 - INFO - Starting sequence alignment
2024-09-10 09:13:07,883 - INFO - Starting sequence alignment
2024-09-10 09:13:09,115 - ERROR - Error processing video: Validation error: The truth value of an array with more than one element is ambiguous. Use a.any() or a.all()
2024-09-10 09:13:09,191 - INFO - Processing 100 frames.
2024-09-10 09:13:09,192 - INFO - Starting normalization
2024-09-10 09:13:09,688 - INFO - Starting augmentation
2024-09-10 09:13:11,771 - ERROR - Error processing video: Validation error: The truth value of an array with more than one element is ambiguous. Use a.any() or a.all()
2024-09-10 09:13:11,940 - INFO - Processing 26 frames.
2024-09-10 09:13:11,940 - INFO - Starting normalization
2024-09-10 09:13:12,321 - INFO - Starting augmentation
2024-09-10 09:13:14,262 - INFO - Starting optical flow calculation
2024-09-10 09:13:16,624 - INFO - Starting optical flow calculation
2024-09-10 09:13:18,261 - INFO - Starting sequence alignment
2024-09-10 09:13:19,252 - ERROR - Error processing video: Validation error: The truth value of an array with more than one element is ambiguous. Use a.any() or a.all()
2024-09-10 09:13:19,336 - INFO - Processing 58 frames.
2024-09-10 09:13:19,336 - INFO - Starting normalization
2024-09-10 09:13:19,495 - INFO - Starting augmentation
2024-09-10 09:13:20,624 - INFO - Starting optical flow calculation
2024-09-10 09:13:22,303 - INFO - Starting sequence alignment
2024-09-10 09:13:22,612 - ERROR - Error processing video: Validation error: The truth value of an array with more than one element is ambiguous. Use a.any() or a.all()
2024-09-10 09:13:22,647 - INFO - Processing 86 frames.
2024-09-10 09:13:22,647 - INFO - Starting normalization
2024-09-10 09:13:22,959 - INFO - Starting augmentation
2024-09-10 09:13:23,820 - INFO - Starting sequence alignment
2024-09-10 09:13:25,509 - ERROR - Error processing video: Validation error: The truth value of an array with more than one element is ambiguous. Use a.any() or a.all()
2024-09-10 09:13:25,567 - INFO - Processing 31 frames.
2024-09-10 09:13:25,567 - INFO - Starting normalization
2024-09-10 09:13:25,631 - INFO - Starting optical flow calculation
2024-09-10 09:13:26,693 - INFO - Starting augmentation
2024-09-10 09:13:28,966 - INFO - Starting sequence alignment
2024-09-10 09:13:29,689 - ERROR - Error processing video: Validation error: The truth value of an array with more than one element is ambiguous. Use a.any() or a.all()
2024-09-10 09:13:29,730 - INFO - Processing 52 frames.
2024-09-10 09:13:29,730 - INFO - Starting normalization
2024-09-10 09:13:30,871 - INFO - Starting augmentation
2024-09-10 09:13:32,373 - INFO - Starting optical flow calculation
2024-09-10 09:13:40,079 - INFO - Starting optical flow calculation
2024-09-10 09:13:40,867 - INFO - Starting sequence alignment
2024-09-10 09:13:42,732 - ERROR - Error processing video: Validation error: The truth value of an array with more than one element is ambiguous. Use a.any() or a.all()
2024-09-10 09:13:42,801 - INFO - Processing 45 frames.
2024-09-10 09:13:42,801 - INFO - Starting normalization
2024-09-10 09:13:43,994 - INFO - Starting augmentation
2024-09-10 09:13:50,879 - INFO - Starting optical flow calculation
2024-09-10 09:13:54,154 - INFO - Starting sequence alignment
2024-09-10 09:13:57,497 - ERROR - Error processing video: Validation error: The truth value of an array with more than one element is ambiguous. Use a.any() or a.all()
2024-09-10 09:13:57,599 - INFO - Processing 51 frames.
2024-09-10 09:13:57,599 - INFO - Starting normalization
2024-09-10 09:13:57,614 - INFO - Starting augmentation
2024-09-10 09:13:57,820 - INFO - Starting optical flow calculation
2024-09-10 09:13:58,159 - INFO - Starting sequence alignment
2024-09-10 09:13:58,183 - ERROR - Error processing video: Validation error: The truth value of an array with more than one element is ambiguous. Use a.any() or a.all()
2024-09-10 09:13:58,190 - INFO - Processing 48 frames.
2024-09-10 09:13:58,190 - INFO - Starting normalization
2024-09-10 09:13:58,205 - INFO - Starting augmentation
2024-09-10 09:13:58,400 - INFO - Starting optical flow calculation
2024-09-10 09:13:58,713 - INFO - Starting sequence alignment
2024-09-10 09:13:58,732 - ERROR - Error processing video: Validation error: The truth value of an array with more than one element is ambiguous. Use a.any() or a.all()
2024-09-10 09:13:58,736 - INFO - Processing 31 frames.
2024-09-10 09:13:58,737 - INFO - Starting normalization
2024-09-10 09:13:58,747 - INFO - Starting augmentation
2024-09-10 09:13:58,872 - INFO - Starting optical flow calculation
2024-09-10 09:13:59,062 - INFO - Starting sequence alignment
2024-09-10 09:13:59,074 - ERROR - Error processing video: Validation error: The truth value of an array with more than one element is ambiguous. Use a.any() or a.all()
2024-09-10 09:13:59,077 - INFO - Processing 28 frames.
2024-09-10 09:13:59,077 - INFO - Starting normalization
2024-09-10 09:13:59,088 - INFO - Starting augmentation
2024-09-10 09:13:59,210 - INFO - Starting optical flow calculation
2024-09-10 09:13:59,394 - INFO - Starting sequence alignment
2024-09-10 09:13:59,404 - ERROR - Error processing video: Validation error: The truth value of an array with more than one element is ambiguous. Use a.any() or a.all()
2024-09-10 09:13:59,408 - INFO - Processing 108 frames.
2024-09-10 09:13:59,409 - INFO - Starting normalization
2024-09-10 09:13:59,838 - INFO - Starting augmentation
2024-09-10 09:14:02,313 - INFO - Starting optical flow calculation
2024-09-10 09:14:03,113 - INFO - Starting sequence alignment
2024-09-10 09:14:06,564 - ERROR - Error processing video: Validation error: The truth value of an array with more than one element is ambiguous. Use a.any() or a.all()
2024-09-10 09:14:06,716 - INFO - Processing 81 frames.
2024-09-10 09:14:06,716 - INFO - Starting normalization
2024-09-10 09:14:06,961 - INFO - Starting augmentation
2024-09-10 09:14:07,292 - INFO - Starting sequence alignment
2024-09-10 09:14:07,996 - ERROR - Error processing video: Validation error: The truth value of an array with more than one element is ambiguous. Use a.any() or a.all()
2024-09-10 09:14:08,046 - INFO - Processing 87 frames.
2024-09-10 09:14:08,047 - INFO - Starting normalization
2024-09-10 09:14:09,123 - INFO - Starting optical flow calculation
2024-09-10 09:14:09,309 - INFO - Starting augmentation
2024-09-10 09:14:12,416 - INFO - Starting sequence alignment
2024-09-10 09:14:13,118 - ERROR - Error processing video: Validation error: The truth value of an array with more than one element is ambiguous. Use a.any() or a.all()
2024-09-10 09:14:15,433 - INFO - Starting optical flow calculation
2024-09-10 09:14:24,317 - INFO - Starting sequence alignment
2024-09-10 09:14:26,443 - ERROR - Error processing video: Validation error: The truth value of an array with more than one element is ambiguous. Use a.any() or a.all()
2024-09-10 09:14:26,527 - INFO - Successfully processed 0 out of 50 videos.
2024-09-10 09:46:38,915 - INFO - Processing 75 frames.
2024-09-10 09:46:38,915 - INFO - Processing 68 frames.
2024-09-10 09:46:38,915 - INFO - Starting normalization
2024-09-10 09:46:38,915 - INFO - Starting normalization
2024-09-10 09:46:39,331 - INFO - Starting augmentation
2024-09-10 09:46:39,553 - INFO - Starting augmentation
2024-09-10 09:46:42,283 - INFO - Starting optical flow calculation
2024-09-10 09:46:45,030 - INFO - Starting sequence alignment
2024-09-10 09:46:45,564 - ERROR - Error processing video: Validation error: The truth value of an array with more than one element is ambiguous. Use a.any() or a.all()
2024-09-10 09:46:45,603 - INFO - Processing 30 frames.
2024-09-10 09:46:45,603 - INFO - Starting normalization
2024-09-10 09:46:45,670 - INFO - Starting augmentation
2024-09-10 09:46:45,853 - INFO - Starting optical flow calculation
2024-09-10 09:46:47,681 - INFO - Starting optical flow calculation
2024-09-10 09:46:50,739 - INFO - Starting sequence alignment
2024-09-10 09:46:51,393 - ERROR - Error processing video: Validation error: The truth value of an array with more than one element is ambiguous. Use a.any() or a.all()
2024-09-10 09:46:51,436 - INFO - Processing 38 frames.
2024-09-10 09:46:51,437 - INFO - Starting normalization
2024-09-10 09:46:51,441 - INFO - Starting augmentation
2024-09-10 09:46:51,581 - INFO - Starting optical flow calculation
2024-09-10 09:46:51,802 - INFO - Starting sequence alignment
2024-09-10 09:46:51,816 - ERROR - Error processing video: Validation error: The truth value of an array with more than one element is ambiguous. Use a.any() or a.all()
2024-09-10 09:46:51,818 - INFO - Processing 86 frames.
2024-09-10 09:46:51,818 - INFO - Starting normalization
2024-09-10 09:46:51,883 - INFO - Starting augmentation
2024-09-10 09:46:53,539 - INFO - Starting optical flow calculation
2024-09-10 09:46:53,879 - INFO - Starting sequence alignment
2024-09-10 09:46:55,699 - ERROR - Error processing video: Validation error: The truth value of an array with more than one element is ambiguous. Use a.any() or a.all()
2024-09-10 09:46:55,772 - INFO - Processing 87 frames.
2024-09-10 09:46:55,772 - INFO - Starting normalization
2024-09-10 09:46:55,824 - INFO - Starting augmentation
2024-09-10 09:46:56,988 - INFO - Starting sequence alignment
2024-09-10 09:46:57,448 - ERROR - Error processing video: Validation error: The truth value of an array with more than one element is ambiguous. Use a.any() or a.all()
2024-09-10 09:46:57,497 - INFO - Processing 44 frames.
2024-09-10 09:46:57,497 - INFO - Starting normalization
2024-09-10 09:46:57,522 - INFO - Starting augmentation
2024-09-10 09:46:57,838 - INFO - Starting optical flow calculation
2024-09-10 09:46:58,453 - INFO - Starting optical flow calculation
2024-09-10 09:46:59,645 - INFO - Starting sequence alignment
2024-09-10 09:46:59,725 - ERROR - Error processing video: Validation error: The truth value of an array with more than one element is ambiguous. Use a.any() or a.all()
2024-09-10 09:46:59,739 - INFO - Processing 77 frames.
2024-09-10 09:46:59,739 - INFO - Starting normalization
2024-09-10 09:47:00,856 - INFO - Starting sequence alignment
2024-09-10 09:47:01,149 - INFO - Starting augmentation
2024-09-10 09:47:01,615 - ERROR - Error processing video: Validation error: The truth value of an array with more than one element is ambiguous. Use a.any() or a.all()
2024-09-10 09:47:01,663 - INFO - Processing 70 frames.
2024-09-10 09:47:01,663 - INFO - Starting normalization
2024-09-10 09:47:01,719 - INFO - Starting augmentation
2024-09-10 09:47:06,792 - INFO - Starting optical flow calculation
2024-09-10 09:47:09,259 - INFO - Starting sequence alignment
2024-09-10 09:47:09,800 - ERROR - Error processing video: Validation error: The truth value of an array with more than one element is ambiguous. Use a.any() or a.all()
2024-09-10 09:47:09,834 - INFO - Processing 46 frames.
2024-09-10 09:47:09,834 - INFO - Starting normalization
2024-09-10 09:47:09,858 - INFO - Starting augmentation
2024-09-10 09:47:12,752 - INFO - Starting optical flow calculation
2024-09-10 09:47:13,026 - INFO - Starting optical flow calculation
2024-09-10 09:47:14,131 - INFO - Starting sequence alignment
2024-09-10 09:47:14,321 - ERROR - Error processing video: Validation error: The truth value of an array with more than one element is ambiguous. Use a.any() or a.all()
2024-09-10 09:47:14,339 - INFO - Processing 93 frames.
2024-09-10 09:47:14,339 - INFO - Starting normalization
2024-09-10 09:47:14,399 - INFO - Starting augmentation
2024-09-10 09:47:16,415 - INFO - Starting optical flow calculation
2024-09-10 09:47:19,658 - INFO - Starting sequence alignment
2024-09-10 09:47:20,474 - ERROR - Error processing video: Validation error: The truth value of an array with more than one element is ambiguous. Use a.any() or a.all()
2024-09-10 09:47:20,529 - INFO - Processing 89 frames.
2024-09-10 09:47:20,529 - INFO - Starting normalization
2024-09-10 09:47:20,594 - INFO - Starting augmentation
2024-09-10 09:47:22,524 - INFO - Starting optical flow calculation
2024-09-10 09:47:25,527 - INFO - Starting sequence alignment
2024-09-10 09:47:26,266 - ERROR - Error processing video: Validation error: The truth value of an array with more than one element is ambiguous. Use a.any() or a.all()
2024-09-10 09:47:26,332 - INFO - Processing 81 frames.
2024-09-10 09:47:26,332 - INFO - Starting normalization
2024-09-10 09:47:26,424 - INFO - Starting augmentation
2024-09-10 09:47:28,846 - INFO - Starting optical flow calculation
2024-09-10 09:47:32,543 - INFO - Starting sequence alignment
2024-09-10 09:47:32,907 - INFO - Starting sequence alignment
2024-09-10 09:47:34,261 - ERROR - Error processing video: Validation error: The truth value of an array with more than one element is ambiguous. Use a.any() or a.all()
2024-09-10 09:47:37,521 - ERROR - Error processing video: Validation error: The truth value of an array with more than one element is ambiguous. Use a.any() or a.all()
2024-09-10 09:47:37,679 - INFO - Successfully processed 0 out of 13 videos.
2024-09-10 12:08:11,819 - INFO - Processing 75 frames.
2024-09-10 12:08:11,820 - INFO - Processing 68 frames.
2024-09-10 12:08:11,820 - INFO - Starting normalization
2024-09-10 12:08:11,820 - INFO - Starting normalization
2024-09-10 12:08:11,973 - INFO - Starting augmentation
2024-09-10 12:08:12,429 - INFO - Starting augmentation
2024-09-10 12:08:14,774 - INFO - Starting optical flow calculation
2024-09-10 12:08:17,196 - INFO - Starting sequence alignment
2024-09-10 12:08:17,661 - ERROR - Error processing video: Validation error: The truth value of an array with more than one element is ambiguous. Use a.any() or a.all()
2024-09-10 12:08:17,700 - INFO - Processing 30 frames.
2024-09-10 12:08:17,700 - INFO - Starting normalization
2024-09-10 12:08:17,761 - INFO - Starting augmentation
2024-09-10 12:08:18,175 - INFO - Starting optical flow calculation
2024-09-10 12:08:19,792 - INFO - Starting optical flow calculation
2024-09-10 12:08:22,835 - INFO - Starting sequence alignment
2024-09-10 12:08:23,439 - ERROR - Error processing video: Validation error: The truth value of an array with more than one element is ambiguous. Use a.any() or a.all()
2024-09-10 12:08:23,480 - INFO - Processing 38 frames.
2024-09-10 12:08:23,480 - INFO - Starting normalization
2024-09-10 12:08:23,485 - INFO - Starting augmentation
2024-09-10 12:08:23,619 - INFO - Starting optical flow calculation
2024-09-10 12:08:23,857 - INFO - Starting sequence alignment
2024-09-10 12:08:23,872 - ERROR - Error processing video: Validation error: The truth value of an array with more than one element is ambiguous. Use a.any() or a.all()
2024-09-10 12:08:23,875 - INFO - Processing 86 frames.
2024-09-10 12:08:23,875 - INFO - Starting normalization
2024-09-10 12:08:23,934 - INFO - Starting augmentation
2024-09-10 12:08:25,587 - INFO - Starting optical flow calculation
2024-09-10 12:08:26,047 - INFO - Starting sequence alignment
2024-09-10 12:08:27,796 - ERROR - Error processing video: Validation error: The truth value of an array with more than one element is ambiguous. Use a.any() or a.all()
2024-09-10 12:08:27,864 - INFO - Processing 87 frames.
2024-09-10 12:08:27,864 - INFO - Starting normalization
2024-09-10 12:08:27,915 - INFO - Starting augmentation
2024-09-10 12:08:28,861 - INFO - Starting sequence alignment
2024-09-10 12:08:29,383 - ERROR - Error processing video: Validation error: The truth value of an array with more than one element is ambiguous. Use a.any() or a.all()
2024-09-10 12:08:29,426 - INFO - Processing 44 frames.
2024-09-10 12:08:29,426 - INFO - Starting normalization
2024-09-10 12:08:29,449 - INFO - Starting augmentation
2024-09-10 12:08:29,984 - INFO - Starting optical flow calculation
2024-09-10 12:08:30,501 - INFO - Starting optical flow calculation
2024-09-10 12:08:31,704 - INFO - Starting sequence alignment
2024-09-10 12:08:31,785 - ERROR - Error processing video: Validation error: The truth value of an array with more than one element is ambiguous. Use a.any() or a.all()
2024-09-10 12:08:31,797 - INFO - Processing 77 frames.
2024-09-10 12:08:31,798 - INFO - Starting normalization
2024-09-10 12:08:32,949 - INFO - Starting augmentation
2024-09-10 12:08:33,057 - INFO - Starting sequence alignment
2024-09-10 12:09:59,280 - INFO - Processing 75 frames.
2024-09-10 12:09:59,280 - INFO - Processing 68 frames.
2024-09-10 12:09:59,280 - INFO - Starting normalization
2024-09-10 12:09:59,280 - INFO - Starting normalization
2024-09-10 12:09:59,324 - INFO - Starting augmentation
2024-09-10 12:09:59,461 - INFO - Starting augmentation
2024-09-10 12:10:02,170 - INFO - Starting optical flow calculation
2024-09-10 12:10:04,516 - INFO - Starting sequence alignment
2024-09-10 12:10:04,883 - ERROR - Error processing video: Validation error: The truth value of an array with more than one element is ambiguous. Use a.any() or a.all()
2024-09-10 12:10:04,911 - INFO - Processing 30 frames.
2024-09-10 12:10:04,911 - INFO - Starting normalization
2024-09-10 12:10:04,971 - INFO - Starting augmentation
2024-09-10 12:10:05,165 - INFO - Starting optical flow calculation
2024-09-10 12:10:06,907 - INFO - Starting optical flow calculation
2024-09-10 12:10:09,912 - INFO - Starting sequence alignment
2024-09-10 12:10:10,538 - ERROR - Error processing video: Validation error: The truth value of an array with more than one element is ambiguous. Use a.any() or a.all()
2024-09-10 12:10:10,582 - INFO - Processing 38 frames.
2024-09-10 12:10:10,582 - INFO - Starting normalization
2024-09-10 12:10:10,587 - INFO - Starting augmentation
2024-09-10 12:10:10,722 - INFO - Starting optical flow calculation
2024-09-10 12:10:10,940 - INFO - Starting sequence alignment
2024-09-10 12:10:10,955 - ERROR - Error processing video: Validation error: The truth value of an array with more than one element is ambiguous. Use a.any() or a.all()
2024-09-10 12:10:10,957 - INFO - Processing 86 frames.
2024-09-10 12:10:10,957 - INFO - Starting normalization
2024-09-10 12:10:11,013 - INFO - Starting augmentation
2024-09-10 12:10:12,692 - INFO - Starting optical flow calculation
2024-09-10 12:10:12,951 - INFO - Starting sequence alignment
2024-09-10 12:10:14,521 - ERROR - Error processing video: Validation error: The truth value of an array with more than one element is ambiguous. Use a.any() or a.all()
2024-09-10 12:10:14,586 - INFO - Processing 87 frames.
2024-09-10 12:10:14,586 - INFO - Starting normalization
2024-09-10 12:10:14,642 - INFO - Starting augmentation
2024-09-10 12:10:15,967 - INFO - Starting sequence alignment
2024-09-10 12:10:16,235 - ERROR - Error processing video: Validation error: The truth value of an array with more than one element is ambiguous. Use a.any() or a.all()
2024-09-10 12:10:16,482 - INFO - Starting optical flow calculation
2024-09-10 12:10:19,221 - INFO - Starting sequence alignment
2024-09-10 12:10:19,404 - ERROR - Error processing video: Validation error: The truth value of an array with more than one element is ambiguous. Use a.any() or a.all()
2024-09-10 12:10:19,439 - INFO - Successfully processed 0 out of 6 videos.
